# JRE version: OpenJDK Runtime Environment Temurin-22.0.1+8 (22.0.1+8) (build 22.0.1+8)
# Java VM: OpenJDK 64-Bit Server VM Temurin-22.0.1+8 (22.0.1+8, mixed mode, tiered, compressed oops, compressed class ptrs, g1 gc, windows-amd64)
GC Precious Log:
 CardTable entry size: 512
 Card Set container configuration: InlinePtr #cards 5 size 8 Array Of Cards #cards 12 size 40 Howl #buckets 4 coarsen threshold 1843 Howl Bitmap #cards 512 size 80 coarsen threshold 460 Card regions per heap region 1 cards per card region 2048
 CPUs: 8 total, 8 available
 Memory: 7975M
 Large Page Support: Disabled
 NUMA Support: Disabled
 Compressed Oops: Enabled (32-bit)
 Heap Region Size: 1M
 Heap Min Capacity: 8M
 Heap Initial Capacity: 126M
 Heap Max Capacity: 1994M
 Pre-touch: Disabled
 Parallel Workers: 8
 Concurrent Workers: 2
 Concurrent Refinement Workers: 8
 Periodic GC: Disabled
Heap:
 garbage-first heap   total reserved 2041856K, committed 119808K, used 51039K [0x0000000083600000, 0x0000000100000000)
  region size 1024K, 17 young (17408K), 1 survivors (1024K)
 Metaspace       used 102041K, committed 102848K, reserved 1179648K
  class space    used 13072K, committed 13504K, reserved 1048576K
GC Heap History (20 events):
Event: 318921.543 GC heap before
{Heap before GC invocations=375 (full 0):
 garbage-first heap   total reserved 2041856K, committed 119808K, used 104509K [0x0000000083600000, 0x0000000100000000)
  region size 1024K, 70 young (71680K), 1 survivors (1024K)
 Metaspace       used 101503K, committed 102272K, reserved 1179648K
  class space    used 13028K, committed 13376K, reserved 1048576K
}
Event: 318921.614 GC heap after
{Heap after GC invocations=376 (full 0):
 garbage-first heap   total reserved 2041856K, committed 119808K, used 34931K [0x0000000083600000, 0x0000000100000000)
  region size 1024K, 1 young (1024K), 1 survivors (1024K)
 Metaspace       used 101503K, committed 102272K, reserved 1179648K
  class space    used 13028K, committed 13376K, reserved 1048576K
}
Event: 319973.878 GC heap before
{Heap before GC invocations=377 (full 0):
 garbage-first heap   total reserved 2041856K, committed 119808K, used 105587K [0x0000000083600000, 0x0000000100000000)
  region size 1024K, 70 young (71680K), 1 survivors (1024K)
 Metaspace       used 101503K, committed 102272K, reserved 1179648K
  class space    used 13028K, committed 13376K, reserved 1048576K
}
Event: 319973.912 GC heap after
{Heap after GC invocations=378 (full 0):
 garbage-first heap   total reserved 2041856K, committed 119808K, used 34855K [0x0000000083600000, 0x0000000100000000)
  region size 1024K, 1 young (1024K), 1 survivors (1024K)
 Metaspace       used 101503K, committed 102272K, reserved 1179648K
  class space    used 13028K, committed 13376K, reserved 1048576K
}
Event: 322267.198 GC heap before
{Heap before GC invocations=378 (full 0):
 garbage-first heap   total reserved 2041856K, committed 119808K, used 105511K [0x0000000083600000, 0x0000000100000000)
  region size 1024K, 70 young (71680K), 1 survivors (1024K)
 Metaspace       used 101503K, committed 102272K, reserved 1179648K
  class space    used 13028K, committed 13376K, reserved 1048576K
}
Event: 322267.272 GC heap after
{Heap after GC invocations=379 (full 0):
 garbage-first heap   total reserved 2041856K, committed 119808K, used 34700K [0x0000000083600000, 0x0000000100000000)
  region size 1024K, 1 young (1024K), 1 survivors (1024K)
 Metaspace       used 101503K, committed 102272K, reserved 1179648K
  class space    used 13028K, committed 13376K, reserved 1048576K
}
Event: 326286.007 GC heap before
{Heap before GC invocations=379 (full 0):
 garbage-first heap   total reserved 2041856K, committed 119808K, used 105356K [0x0000000083600000, 0x0000000100000000)
  region size 1024K, 70 young (71680K), 1 survivors (1024K)
 Metaspace       used 101503K, committed 102272K, reserved 1179648K
  class space    used 13028K, committed 13376K, reserved 1048576K
}
Event: 326286.071 GC heap after
{Heap after GC invocations=380 (full 0):
 garbage-first heap   total reserved 2041856K, committed 119808K, used 34703K [0x0000000083600000, 0x0000000100000000)
  region size 1024K, 1 young (1024K), 1 survivors (1024K)
 Metaspace       used 101503K, committed 102272K, reserved 1179648K
  class space    used 13028K, committed 13376K, reserved 1048576K
}
Event: 334030.340 GC heap before
{Heap before GC invocations=381 (full 0):
 garbage-first heap   total reserved 2041856K, committed 119808K, used 105359K [0x0000000083600000, 0x0000000100000000)
  region size 1024K, 70 young (71680K), 1 survivors (1024K)
 Metaspace       used 101503K, committed 102272K, reserved 1179648K
  class space    used 13028K, committed 13376K, reserved 1048576K
}
Event: 334030.366 GC heap after
{Heap after GC invocations=382 (full 0):
 garbage-first heap   total reserved 2041856K, committed 119808K, used 34691K [0x0000000083600000, 0x0000000100000000)
  region size 1024K, 1 young (1024K), 1 survivors (1024K)
 Metaspace       used 101503K, committed 102272K, reserved 1179648K
  class space    used 13028K, committed 13376K, reserved 1048576K
}
Event: 339637.007 GC heap before
{Heap before GC invocations=382 (full 0):
 garbage-first heap   total reserved 2041856K, committed 119808K, used 105347K [0x0000000083600000, 0x0000000100000000)
  region size 1024K, 70 young (71680K), 1 survivors (1024K)
 Metaspace       used 101520K, committed 102272K, reserved 1179648K
  class space    used 13028K, committed 13376K, reserved 1048576K
}
Event: 339637.148 GC heap after
{Heap after GC invocations=383 (full 0):
 garbage-first heap   total reserved 2041856K, committed 119808K, used 35044K [0x0000000083600000, 0x0000000100000000)
  region size 1024K, 1 young (1024K), 1 survivors (1024K)
 Metaspace       used 101520K, committed 102272K, reserved 1179648K
  class space    used 13028K, committed 13376K, reserved 1048576K
}
Event: 340138.474 GC heap before
{Heap before GC invocations=383 (full 0):
 garbage-first heap   total reserved 2041856K, committed 119808K, used 104676K [0x0000000083600000, 0x0000000100000000)
  region size 1024K, 70 young (71680K), 1 survivors (1024K)
 Metaspace       used 102025K, committed 102848K, reserved 1179648K
  class space    used 13070K, committed 13504K, reserved 1048576K
}
Event: 340138.509 GC heap after
{Heap after GC invocations=384 (full 0):
 garbage-first heap   total reserved 2041856K, committed 119808K, used 35500K [0x0000000083600000, 0x0000000100000000)
  region size 1024K, 1 young (1024K), 1 survivors (1024K)
 Metaspace       used 102025K, committed 102848K, reserved 1179648K
  class space    used 13070K, committed 13504K, reserved 1048576K
}
Event: 340144.184 GC heap before
{Heap before GC invocations=385 (full 0):
 garbage-first heap   total reserved 2041856K, committed 119808K, used 106156K [0x0000000083600000, 0x0000000100000000)
  region size 1024K, 70 young (71680K), 1 survivors (1024K)
 Metaspace       used 102035K, committed 102848K, reserved 1179648K
  class space    used 13071K, committed 13504K, reserved 1048576K
}
Event: 340144.191 GC heap after
{Heap after GC invocations=386 (full 0):
 garbage-first heap   total reserved 2041856K, committed 119808K, used 35546K [0x0000000083600000, 0x0000000100000000)
  region size 1024K, 1 young (1024K), 1 survivors (1024K)
 Metaspace       used 102035K, committed 102848K, reserved 1179648K
  class space    used 13071K, committed 13504K, reserved 1048576K
}
Event: 340148.597 GC heap before
{Heap before GC invocations=386 (full 0):
 garbage-first heap   total reserved 2041856K, committed 119808K, used 105178K [0x0000000083600000, 0x0000000100000000)
  region size 1024K, 70 young (71680K), 1 survivors (1024K)
 Metaspace       used 102037K, committed 102848K, reserved 1179648K
  class space    used 13072K, committed 13504K, reserved 1048576K
}
Event: 340148.616 GC heap after
{Heap after GC invocations=387 (full 0):
 garbage-first heap   total reserved 2041856K, committed 119808K, used 35766K [0x0000000083600000, 0x0000000100000000)
  region size 1024K, 2 young (2048K), 2 survivors (2048K)
 Metaspace       used 102037K, committed 102848K, reserved 1179648K
  class space    used 13072K, committed 13504K, reserved 1048576K
}
Event: 340165.167 GC heap before
{Heap before GC invocations=387 (full 0):
 garbage-first heap   total reserved 2041856K, committed 119808K, used 105398K [0x0000000083600000, 0x0000000100000000)
  region size 1024K, 70 young (71680K), 2 survivors (2048K)
 Metaspace       used 102041K, committed 102848K, reserved 1179648K
  class space    used 13072K, committed 13504K, reserved 1048576K
}
Event: 340165.215 GC heap after
{Heap after GC invocations=388 (full 0):
 garbage-first heap   total reserved 2041856K, committed 119808K, used 35679K [0x0000000083600000, 0x0000000100000000)
  region size 1024K, 1 young (1024K), 1 survivors (1024K)
 Metaspace       used 102041K, committed 102848K, reserved 1179648K
  class space    used 13072K, committed 13504K, reserved 1048576K
}

