# JRE version: OpenJDK Runtime Environment Temurin-22.0.1+8 (22.0.1+8) (build 22.0.1+8)
# Java VM: OpenJDK 64-Bit Server VM Temurin-22.0.1+8 (22.0.1+8, mixed mode, tiered, compressed oops, compressed class ptrs, g1 gc, windows-amd64)
GC Precious Log:
 CardTable entry size: 512
 Card Set container configuration: InlinePtr #cards 5 size 8 Array Of Cards #cards 12 size 40 Howl #buckets 4 coarsen threshold 1843 Howl Bitmap #cards 512 size 80 coarsen threshold 460 Card regions per heap region 1 cards per card region 2048
 CPUs: 8 total, 8 available
 Memory: 7975M
 Large Page Support: Disabled
 NUMA Support: Disabled
 Compressed Oops: Enabled (32-bit)
 Heap Region Size: 1M
 Heap Min Capacity: 8M
 Heap Initial Capacity: 126M
 Heap Max Capacity: 1994M
 Pre-touch: Disabled
 Parallel Workers: 8
 Concurrent Workers: 2
 Concurrent Refinement Workers: 8
 Periodic GC: Disabled
Heap:
 garbage-first heap   total reserved 2041856K, committed 134144K, used 103051K [0x0000000083600000, 0x0000000100000000)
  region size 1024K, 70 young (71680K), 1 survivors (1024K)
 Metaspace       used 101081K, committed 102016K, reserved 1179648K
  class space    used 13223K, committed 13760K, reserved 1048576K
GC Heap History (20 events):
Event: 74740.238 GC heap before
{Heap before GC invocations=140 (full 0):
 garbage-first heap   total reserved 2041856K, committed 111616K, used 99952K [0x0000000083600000, 0x0000000100000000)
  region size 1024K, 65 young (66560K), 1 survivors (1024K)
 Metaspace       used 101052K, committed 101952K, reserved 1179648K
  class space    used 13223K, committed 13760K, reserved 1048576K
}
Event: 74740.289 GC heap after
{Heap after GC invocations=141 (full 0):
 garbage-first heap   total reserved 2041856K, committed 111616K, used 34420K [0x0000000083600000, 0x0000000100000000)
  region size 1024K, 1 young (1024K), 1 survivors (1024K)
 Metaspace       used 101052K, committed 101952K, reserved 1179648K
  class space    used 13223K, committed 13760K, reserved 1048576K
}
Event: 75931.738 GC heap before
{Heap before GC invocations=142 (full 0):
 garbage-first heap   total reserved 2041856K, committed 111616K, used 99956K [0x0000000083600000, 0x0000000100000000)
  region size 1024K, 65 young (66560K), 1 survivors (1024K)
 Metaspace       used 101053K, committed 101952K, reserved 1179648K
  class space    used 13223K, committed 13760K, reserved 1048576K
}
Event: 75931.764 GC heap after
{Heap after GC invocations=143 (full 0):
 garbage-first heap   total reserved 2041856K, committed 111616K, used 34438K [0x0000000083600000, 0x0000000100000000)
  region size 1024K, 1 young (1024K), 1 survivors (1024K)
 Metaspace       used 101053K, committed 101952K, reserved 1179648K
  class space    used 13223K, committed 13760K, reserved 1048576K
}
Event: 80445.311 GC heap before
{Heap before GC invocations=143 (full 0):
 garbage-first heap   total reserved 2041856K, committed 111616K, used 99974K [0x0000000083600000, 0x0000000100000000)
  region size 1024K, 65 young (66560K), 1 survivors (1024K)
 Metaspace       used 101053K, committed 101952K, reserved 1179648K
  class space    used 13223K, committed 13760K, reserved 1048576K
}
Event: 80445.354 GC heap after
{Heap after GC invocations=144 (full 0):
 garbage-first heap   total reserved 2041856K, committed 111616K, used 34966K [0x0000000083600000, 0x0000000100000000)
  region size 1024K, 1 young (1024K), 1 survivors (1024K)
 Metaspace       used 101053K, committed 101952K, reserved 1179648K
  class space    used 13223K, committed 13760K, reserved 1048576K
}
Event: 81746.193 GC heap before
{Heap before GC invocations=145 (full 0):
 garbage-first heap   total reserved 2041856K, committed 111616K, used 100502K [0x0000000083600000, 0x0000000100000000)
  region size 1024K, 65 young (66560K), 1 survivors (1024K)
 Metaspace       used 101053K, committed 101952K, reserved 1179648K
  class space    used 13223K, committed 13760K, reserved 1048576K
}
Event: 81746.221 GC heap after
{Heap after GC invocations=146 (full 0):
 garbage-first heap   total reserved 2041856K, committed 111616K, used 34976K [0x0000000083600000, 0x0000000100000000)
  region size 1024K, 1 young (1024K), 1 survivors (1024K)
 Metaspace       used 101053K, committed 101952K, reserved 1179648K
  class space    used 13223K, committed 13760K, reserved 1048576K
}
Event: 84474.600 GC heap before
{Heap before GC invocations=146 (full 0):
 garbage-first heap   total reserved 2041856K, committed 111616K, used 99488K [0x0000000083600000, 0x0000000100000000)
  region size 1024K, 65 young (66560K), 1 survivors (1024K)
 Metaspace       used 101053K, committed 101952K, reserved 1179648K
  class space    used 13223K, committed 13760K, reserved 1048576K
}
Event: 84474.647 GC heap after
{Heap after GC invocations=147 (full 0):
 garbage-first heap   total reserved 2041856K, committed 111616K, used 34594K [0x0000000083600000, 0x0000000100000000)
  region size 1024K, 1 young (1024K), 1 survivors (1024K)
 Metaspace       used 101053K, committed 101952K, reserved 1179648K
  class space    used 13223K, committed 13760K, reserved 1048576K
}
Event: 85658.529 GC heap before
{Heap before GC invocations=147 (full 0):
 garbage-first heap   total reserved 2041856K, committed 111616K, used 100130K [0x0000000083600000, 0x0000000100000000)
  region size 1024K, 65 young (66560K), 1 survivors (1024K)
 Metaspace       used 101053K, committed 101952K, reserved 1179648K
  class space    used 13223K, committed 13760K, reserved 1048576K
}
Event: 85658.564 GC heap after
{Heap after GC invocations=148 (full 0):
 garbage-first heap   total reserved 2041856K, committed 111616K, used 34598K [0x0000000083600000, 0x0000000100000000)
  region size 1024K, 1 young (1024K), 1 survivors (1024K)
 Metaspace       used 101053K, committed 101952K, reserved 1179648K
  class space    used 13223K, committed 13760K, reserved 1048576K
}
Event: 86900.008 GC heap before
{Heap before GC invocations=149 (full 0):
 garbage-first heap   total reserved 2041856K, committed 111616K, used 100134K [0x0000000083600000, 0x0000000100000000)
  region size 1024K, 65 young (66560K), 1 survivors (1024K)
 Metaspace       used 101053K, committed 101952K, reserved 1179648K
  class space    used 13223K, committed 13760K, reserved 1048576K
}
Event: 86900.030 GC heap after
{Heap after GC invocations=150 (full 0):
 garbage-first heap   total reserved 2041856K, committed 111616K, used 34593K [0x0000000083600000, 0x0000000100000000)
  region size 1024K, 1 young (1024K), 1 survivors (1024K)
 Metaspace       used 101053K, committed 101952K, reserved 1179648K
  class space    used 13223K, committed 13760K, reserved 1048576K
}
Event: 88120.295 GC heap before
{Heap before GC invocations=150 (full 0):
 garbage-first heap   total reserved 2041856K, committed 111616K, used 100129K [0x0000000083600000, 0x0000000100000000)
  region size 1024K, 65 young (66560K), 1 survivors (1024K)
 Metaspace       used 101057K, committed 102016K, reserved 1179648K
  class space    used 13223K, committed 13760K, reserved 1048576K
}
Event: 88120.324 GC heap after
{Heap after GC invocations=151 (full 0):
 garbage-first heap   total reserved 2041856K, committed 111616K, used 34376K [0x0000000083600000, 0x0000000100000000)
  region size 1024K, 1 young (1024K), 1 survivors (1024K)
 Metaspace       used 101057K, committed 102016K, reserved 1179648K
  class space    used 13223K, committed 13760K, reserved 1048576K
}
Event: 89312.960 GC heap before
{Heap before GC invocations=151 (full 0):
 garbage-first heap   total reserved 2041856K, committed 111616K, used 99912K [0x0000000083600000, 0x0000000100000000)
  region size 1024K, 65 young (66560K), 1 survivors (1024K)
 Metaspace       used 101060K, committed 102016K, reserved 1179648K
  class space    used 13223K, committed 13760K, reserved 1048576K
}
Event: 89313.016 GC heap after
{Heap after GC invocations=152 (full 0):
 garbage-first heap   total reserved 2041856K, committed 111616K, used 34438K [0x0000000083600000, 0x0000000100000000)
  region size 1024K, 1 young (1024K), 1 survivors (1024K)
 Metaspace       used 101060K, committed 102016K, reserved 1179648K
  class space    used 13223K, committed 13760K, reserved 1048576K
}
Event: 90504.028 GC heap before
{Heap before GC invocations=153 (full 0):
 garbage-first heap   total reserved 2041856K, committed 111616K, used 99974K [0x0000000083600000, 0x0000000100000000)
  region size 1024K, 65 young (66560K), 1 survivors (1024K)
 Metaspace       used 101080K, committed 102016K, reserved 1179648K
  class space    used 13223K, committed 13760K, reserved 1048576K
}
Event: 90504.061 GC heap after
{Heap after GC invocations=154 (full 0):
 garbage-first heap   total reserved 2041856K, committed 134144K, used 34443K [0x0000000083600000, 0x0000000100000000)
  region size 1024K, 1 young (1024K), 1 survivors (1024K)
 Metaspace       used 101080K, committed 102016K, reserved 1179648K
  class space    used 13223K, committed 13760K, reserved 1048576K
}

